<?xml version="1.0" encoding="UTF-8"?>
<testng-results ignored="0" total="1" passed="1" failed="0" skipped="0">
  <reporter-output>
  </reporter-output>
  <suite started-at="2025-09-27T18:52:10 IST" name="Suite1" finished-at="2025-09-27T18:52:52 IST" duration-ms="42108">
    <groups>
    </groups>
    <test started-at="2025-09-27T18:52:10 IST" name="test1" finished-at="2025-09-27T18:52:52 IST" duration-ms="42108">
      <class name="TestCases.CheckoutTestCase">
        <test-method is-config="true" signature="setup(org.testng.ITestContext)[pri:0, instance:TestCases.CheckoutTestCase@3cd3e762]" started-at="2025-09-27T18:52:10 IST" name="setup" finished-at="2025-09-27T18:52:16 IST" duration-ms="5517" status="PASS">
          <params>
            <param index="0">
              <value>
                <![CDATA[org.testng.TestRunner@2ba42204]]>
              </value>
            </param>
          </params>
          <reporter-output>
          </reporter-output>
        </test-method> <!-- setup -->
        <test-method signature="checkoutcase()[pri:0, instance:TestCases.CheckoutTestCase@3cd3e762]" started-at="2025-09-27T18:52:16 IST" name="checkoutcase" finished-at="2025-09-27T18:52:51 IST" duration-ms="35106" status="PASS">
          <reporter-output>
          </reporter-output>
        </test-method> <!-- checkoutcase -->
        <test-method is-config="true" signature="close()[pri:0, instance:TestCases.CheckoutTestCase@3cd3e762]" started-at="2025-09-27T18:52:51 IST" name="close" finished-at="2025-09-27T18:52:52 IST" duration-ms="999" status="PASS">
          <reporter-output>
          </reporter-output>
        </test-method> <!-- close -->
      </class> <!-- TestCases.CheckoutTestCase -->
    </test> <!-- test1 -->
  </suite> <!-- Suite1 -->
</testng-results>
